

Microchip MPLAB XC8 Assembler V2.10 build 88905656 
                                                                                               Thu Jun 04 19:59:39 2020

Microchip MPLAB XC8 C Compiler v2.10 (Free license) build 20190730164152 Og1 
     1                           	processor	18F4550
     2                           	fnconf	rparam,??,?,0
     3                           	opt	pw 120
     4                           	opt	flic
     5                           	psect	cinit,global,reloc=2,class=CODE,delta=1
     6                           	psect	cstackCOMRAM,global,class=COMRAM,space=1,delta=1,noexec
     7                           	psect	text0,global,reloc=2,class=CODE,delta=1
     8                           	psect	text1,global,reloc=2,class=CODE,delta=1
     9                           	psect	intsave_regs,global,class=BIGRAM,space=1,delta=1,noexec
    10                           	psect	rparam,global,class=COMRAM,space=1,delta=1,noexec
    11  0000                     
    12                           ; Version 2.10
    13                           ; Generated 31/07/2019 GMT
    14                           ; 
    15                           ; Copyright © 2019, Microchip Technology Inc. and its subsidiaries ("Microchip")
    16                           ; All rights reserved.
    17                           ; 
    18                           ; This software is developed by Microchip Technology Inc. and its subsidiaries ("Microch
      +                          ip").
    19                           ; 
    20                           ; Redistribution and use in source and binary forms, with or without modification, are
    21                           ; permitted provided that the following conditions are met:
    22                           ; 
    23                           ;     1. Redistributions of source code must retain the above copyright notice, this lis
      +                          t of
    24                           ;        conditions and the following disclaimer.
    25                           ; 
    26                           ;     2. Redistributions in binary form must reproduce the above copyright notice, this 
      +                          list
    27                           ;        of conditions and the following disclaimer in the documentation and/or other
    28                           ;        materials provided with the distribution.
    29                           ; 
    30                           ;     3. Microchip's name may not be used to endorse or promote products derived from th
      +                          is
    31                           ;        software without specific prior written permission.
    32                           ; 
    33                           ; THIS SOFTWARE IS PROVIDED BY MICROCHIP "AS IS" AND ANY EXPRESS OR IMPLIED WARRANTIES,
    34                           ; INCLUDING, BUT NOT LIMITED TO, THE IMPLIED WARRANTIES OF MERCHANTABILITY AND FITNESS F
      +                          OR
    35                           ; PURPOSE ARE DISCLAIMED.  IN NO EVENT SHALL MICROCHIP BE LIABLE FOR ANY DIRECT, INDIREC
      +                          T,
    36                           ; INCIDENTAL, SPECIAL, EXEMPLARY, OR CONSEQUENTIAL DAMAGES (INCLUDING BUT NOT LIMITED TO
    37                           ; PROCUREMENT OF SUBSTITUTE GOODS OR SERVICES; LOSS OF USE, DATA OR PROFITS; OR BUSINESS
    38                           ; INTERRUPTION) HOWSOEVER CAUSED AND ON ANY THEORY OF LIABILITY, WHETHER IN CONTRACT, ST
      +                          RICT
    39                           ; LIABILITY, OR TORT (INCLUDING NEGLIGENCE OR OTHERWISE) ARISING IN ANY WAY OUT OF THE U
      +                          SE OF
    40                           ; THIS SOFTWARE, EVEN IF ADVISED OF THE POSSIBILITY OF SUCH DAMAGE.
    41                           ; 
    42                           ; 
    43                           ; Code-generator required, PIC18F4550 Definitions
    44                           ; 
    45                           ; SFR Addresses
    46  0000                     _ADCON2bits	set	4032
    47  0000                     _ADCON1bits	set	4033
    48  0000                     _TRISD	set	3989
    49  0000                     _LATD	set	3980
    50  0000                     _ADCON0bits	set	4034
    51  0000                     _ADRESH	set	4036
    52  0000                     _ADCON2	set	4032
    53  0000                     _ADCON1	set	4033
    54  0000                     _ADCON0	set	4034
    55                           
    56                           ; #config settings
    57  0000                     
    58                           	psect	cinit
    59  007FAE                     __pcinit:
    60                           	opt callstack 0
    61  007FAE                     start_initialization:
    62                           	opt callstack 0
    63  007FAE                     __initialization:
    64                           	opt callstack 0
    65  007FAE                     end_of_initialization:
    66                           	opt callstack 0
    67  007FAE                     __end_of__initialization:
    68                           	opt callstack 0
    69  007FAE  0100               	movlb	0
    70  007FB0  EFDA  F03F         	goto	_main	;jump to C main() function
    71                           
    72                           	psect	cstackCOMRAM
    73  000001                     __pcstackCOMRAM:
    74                           	opt callstack 0
    75  000001                     ??_main:
    76                           
    77                           ; 1 bytes @ 0x0
    78  000001                     	ds	2
    79                           
    80 ;;
    81 ;;Main: autosize = 0, tempsize = 2, incstack = 0, save=0
    82 ;;
    83 ;; *************** function _main *****************
    84 ;; Defined at:
    85 ;;		line 16 in file "main.c"
    86 ;; Parameters:    Size  Location     Type
    87 ;;		None
    88 ;; Auto vars:     Size  Location     Type
    89 ;;  variableDeGu    2    0        int 
    90 ;; Return value:  Size  Location     Type
    91 ;;                  1    wreg      void 
    92 ;; Registers used:
    93 ;;		wreg, status,2, cstack
    94 ;; Tracked objects:
    95 ;;		On entry : 0/0
    96 ;;		On exit  : 0/0
    97 ;;		Unchanged: 0/0
    98 ;; Data sizes:     COMRAM   BANK0   BANK1   BANK2   BANK3   BANK4   BANK5   BANK6   BANK7
    99 ;;      Params:         0       0       0       0       0       0       0       0       0
   100 ;;      Locals:         2       0       0       0       0       0       0       0       0
   101 ;;      Temps:          2       0       0       0       0       0       0       0       0
   102 ;;      Totals:         4       0       0       0       0       0       0       0       0
   103 ;;Total ram usage:        4 bytes
   104 ;; Hardware stack levels required when called:    1
   105 ;; This function calls:
   106 ;;		_inicioPuertos
   107 ;; This function is called by:
   108 ;;		Startup code after reset
   109 ;; This function uses a non-reentrant model
   110 ;;
   111                           
   112                           	psect	text0
   113  007FB4                     __ptext0:
   114                           	opt callstack 0
   115  007FB4                     _main:
   116                           	opt callstack 30
   117  007FB4                     
   118                           ;main.c: 18:     inicioPuertos();
   119  007FB4  ECD4  F03F         	call	_inicioPuertos	;wreg free
   120  007FB8                     
   121                           ;main.c: 19:     ADCON0 = 0x01;
   122  007FB8  0E01               	movlw	1
   123  007FBA  6EC2               	movwf	194,c	;volatile
   124  007FBC                     
   125                           ;main.c: 20:     ADCON1 = 0x0E;
   126  007FBC  0E0E               	movlw	14
   127  007FBE  6EC1               	movwf	193,c	;volatile
   128  007FC0                     
   129                           ;main.c: 21:     ADCON2 = 0x24;
   130  007FC0  0E24               	movlw	36
   131  007FC2  6EC0               	movwf	192,c	;volatile
   132  007FC4                     l725:
   133                           
   134                           ;main.c: 29:     ADRESH = 0;
   135  007FC4  0E00               	movlw	0
   136  007FC6  6EC4               	movwf	196,c	;volatile
   137  007FC8                     
   138                           ;main.c: 30:     ADCON0bits.GO = 1;
   139  007FC8  82C2               	bsf	194,1,c	;volatile
   140  007FCA                     
   141                           ;main.c: 31:     if (ADCON0bits.GO == 1) goto START;
   142  007FCA  A2C2               	btfss	194,1,c	;volatile
   143  007FCC  EFEA  F03F         	goto	u11
   144  007FD0  EFEC  F03F         	goto	u10
   145  007FD4                     u11:
   146  007FD4  EFEE  F03F         	goto	l24
   147  007FD8                     u10:
   148  007FD8  EFE2  F03F         	goto	l725
   149  007FDC                     l24:
   150                           
   151                           ;main.c: 33:     LATD = ADRESH;
   152  007FDC  CFC4 FF8C          	movff	4036,3980	;volatile
   153  007FE0                     
   154                           ;main.c: 34:     _delay((unsigned long)((500)*(20000000/4000.0)));
   155  007FE0  0E0D               	movlw	13
   156  007FE2  6E02               	movwf	(??_main+1)^0,c
   157  007FE4  0EAF               	movlw	175
   158  007FE6  6E01               	movwf	??_main^0,c
   159  007FE8  0EB6               	movlw	182
   160  007FEA                     u47:
   161  007FEA  2EE8               	decfsz	wreg,f,c
   162  007FEC  D7FE               	bra	u47
   163  007FEE  2E01               	decfsz	??_main^0,f,c
   164  007FF0  D7FC               	bra	u47
   165  007FF2  2E02               	decfsz	(??_main+1)^0,f,c
   166  007FF4  D7FA               	bra	u47
   167  007FF6  D000               	nop2	
   168                           
   169                           ;main.c: 35:     goto START;
   170  007FF8  EFE2  F03F         	goto	l725
   171  007FFC  EF00  F000         	goto	start
   172  008000                     __end_of_main:
   173                           	opt callstack 0
   174                           
   175 ;; *************** function _inicioPuertos *****************
   176 ;; Defined at:
   177 ;;		line 39 in file "main.c"
   178 ;; Parameters:    Size  Location     Type
   179 ;;		None
   180 ;; Auto vars:     Size  Location     Type
   181 ;;		None
   182 ;; Return value:  Size  Location     Type
   183 ;;                  1    wreg      void 
   184 ;; Registers used:
   185 ;;		wreg, status,2
   186 ;; Tracked objects:
   187 ;;		On entry : 0/0
   188 ;;		On exit  : 0/0
   189 ;;		Unchanged: 0/0
   190 ;; Data sizes:     COMRAM   BANK0   BANK1   BANK2   BANK3   BANK4   BANK5   BANK6   BANK7
   191 ;;      Params:         0       0       0       0       0       0       0       0       0
   192 ;;      Locals:         0       0       0       0       0       0       0       0       0
   193 ;;      Temps:          0       0       0       0       0       0       0       0       0
   194 ;;      Totals:         0       0       0       0       0       0       0       0       0
   195 ;;Total ram usage:        0 bytes
   196 ;; Hardware stack levels used:    1
   197 ;; This function calls:
   198 ;;		Nothing
   199 ;; This function is called by:
   200 ;;		_main
   201 ;; This function uses a non-reentrant model
   202 ;;
   203                           
   204                           	psect	text1
   205  007FA8                     __ptext1:
   206                           	opt callstack 0
   207  007FA8                     _inicioPuertos:
   208                           	opt callstack 30
   209  007FA8                     
   210                           ;main.c: 40:     TRISD = 0X00;
   211  007FA8  0E00               	movlw	0
   212  007FAA  6E95               	movwf	149,c	;volatile
   213  007FAC  0012               	return		;funcret
   214  007FAE                     __end_of_inicioPuertos:
   215                           	opt callstack 0
   216  0000                     
   217                           	psect	rparam
   218  0000                     tosu	equ	0xFFF
   219                           tosh	equ	0xFFE
   220                           tosl	equ	0xFFD
   221                           stkptr	equ	0xFFC
   222                           pclatu	equ	0xFFB
   223                           pclath	equ	0xFFA
   224                           pcl	equ	0xFF9
   225                           tblptru	equ	0xFF8
   226                           tblptrh	equ	0xFF7
   227                           tblptrl	equ	0xFF6
   228                           tablat	equ	0xFF5
   229                           prodh	equ	0xFF4
   230                           prodl	equ	0xFF3
   231                           indf0	equ	0xFEF
   232                           postinc0	equ	0xFEE
   233                           postdec0	equ	0xFED
   234                           preinc0	equ	0xFEC
   235                           plusw0	equ	0xFEB
   236                           fsr0h	equ	0xFEA
   237                           fsr0l	equ	0xFE9
   238                           wreg	equ	0xFE8
   239                           indf1	equ	0xFE7
   240                           postinc1	equ	0xFE6
   241                           postdec1	equ	0xFE5
   242                           preinc1	equ	0xFE4
   243                           plusw1	equ	0xFE3
   244                           fsr1h	equ	0xFE2
   245                           fsr1l	equ	0xFE1
   246                           bsr	equ	0xFE0
   247                           indf2	equ	0xFDF
   248                           postinc2	equ	0xFDE
   249                           postdec2	equ	0xFDD
   250                           preinc2	equ	0xFDC
   251                           plusw2	equ	0xFDB
   252                           fsr2h	equ	0xFDA
   253                           fsr2l	equ	0xFD9
   254                           status	equ	0xFD8


Data Sizes:
    Strings     0
    Constant    0
    Data        0
    BSS         0
    Persistent  0
    Stack       0

Auto Spaces:
    Space          Size  Autos    Used
    COMRAM           95      4       4
    BANK0           160      0       0
    BANK1           256      0       0
    BANK2           256      0       0
    BANK3           256      0       0
    BANK4           256      0       0
    BANK5           256      0       0
    BANK6           256      0       0
    BANK7           256      0       0

Pointer List with Targets:

    None.

Critical Paths under _main in COMRAM

    None.

Critical Paths under _main in BANK0

    None.

Critical Paths under _main in BANK1

    None.

Critical Paths under _main in BANK2

    None.

Critical Paths under _main in BANK3

    None.

Critical Paths under _main in BANK4

    None.

Critical Paths under _main in BANK5

    None.

Critical Paths under _main in BANK6

    None.

Critical Paths under _main in BANK7

    None.

Call Graph Tables:

 ---------------------------------------------------------------------------------
 (Depth) Function   	        Calls       Base Space   Used Autos Params    Refs
 ---------------------------------------------------------------------------------
 (0) _main                                                 4     4      0       0
                                              0 COMRAM     4     4      0
                      _inicioPuertos
 ---------------------------------------------------------------------------------
 (1) _inicioPuertos                                        0     0      0       0
 ---------------------------------------------------------------------------------
 Estimated maximum stack depth 1
 ---------------------------------------------------------------------------------

 Call Graph Graphs:

 _main (ROOT)
   _inicioPuertos

 Address spaces:
Name               Size   Autos  Total    Cost      Usage
BITCOMRAM           5F      0       0       0        0.0%
EEDATA             100      0       0       0        0.0%
NULL                 0      0       0       0        0.0%
CODE                 0      0       0       0        0.0%
COMRAM              5F      4       4       1        4.2%
STACK                0      0       0       2        0.0%
DATA                 0      0       0       3        0.0%
BITBANK0            A0      0       0       4        0.0%
BANK0               A0      0       0       5        0.0%
BITBANK1           100      0       0       6        0.0%
BANK1              100      0       0       7        0.0%
BITBANK2           100      0       0       8        0.0%
BANK2              100      0       0       9        0.0%
BITBANK3           100      0       0      10        0.0%
BANK3              100      0       0      11        0.0%
BITBANK4           100      0       0      12        0.0%
BANK4              100      0       0      13        0.0%
BITBANK5           100      0       0      14        0.0%
BANK5              100      0       0      15        0.0%
BITBANK6           100      0       0      16        0.0%
BANK6              100      0       0      17        0.0%
BITBANK7           100      0       0      18        0.0%
BANK7              100      0       0      19        0.0%
ABS                  0      0       0      20        0.0%
BIGRAM             7FF      0       0      21        0.0%
BITSFR               0      0       0     200        0.0%
SFR                  0      0       0     200        0.0%


Microchip Technology PIC18 Macro Assembler V2.10 build 88905656 
Symbol Table                                                                                   Thu Jun 04 19:59:39 2020

                     l24 7FDC                       l28 7FAC                       u10 7FD8  
                     u11 7FD4                       u47 7FEA              __CFG_BORV$3 000000  
           __CFG_CP0$OFF 000000             __CFG_CP1$OFF 000000             __CFG_CP2$OFF 000000  
           __CFG_CP3$OFF 000000                      l713 7FA8                      l721 7FBC  
                    l723 7FC0                      l715 7FB4                      l733 7FE0  
                    l725 7FC4                      l717 7FB4                      l727 7FC8  
                    l719 7FB8                      l729 7FCA             __CFG_CPB$OFF 000000  
           __CFG_CPD$OFF 000000             __CFG_BOR$OFF 000000                      wreg 000FE8  
           __CFG_FOSC$HS 000000             __CFG_LVP$OFF 000000             __CFG_WDT$OFF 000000  
                   _LATD 000F8C                     _main 7FB4                     start 0000  
          __CFG_IESO$OFF 000000            __CFG_MCLRE$ON 000000             ___param_bank 000000  
          __CFG_PLLDIV$1 000000                    ?_main 0001            __CFG_USBDIV$1 000000  
                  _TRISD 000F95            __CFG_PWRT$OFF 000000            __CFG_WRT0$OFF 000000  
          __CFG_WRT1$OFF 000000            __CFG_WRT2$OFF 000000            __CFG_WRT3$OFF 000000  
 __size_of_inicioPuertos 0006           __CFG_EBTR0$OFF 000000           __CFG_FCMEN$OFF 000000  
         __CFG_EBTR1$OFF 000000           __CFG_EBTR2$OFF 000000           __CFG_EBTR3$OFF 000000  
          __CFG_WRTB$OFF 000000            __CFG_WRTC$OFF 000000            __CFG_WRTD$OFF 000000  
         __CFG_EBTRB$OFF 000000           __CFG_ICPRT$OFF 000000          __initialization 7FAE  
           __end_of_main 8000                   ??_main 0001            __activetblptr 000000  
        __CFG_CCP2MX$OFF 000000                   _ADCON0 000FC2                   _ADCON1 000FC1  
                 _ADCON2 000FC0                   _ADRESH 000FC4            _inicioPuertos 7FA8  
         __CFG_XINST$OFF 000000               __accesstop 0060  __end_of__initialization 7FAE  
        __CFG_PBADEN$OFF 000000            ___rparam_used 000001           ?_inicioPuertos 0001  
         __pcstackCOMRAM 0001          __CFG_VREGEN$OFF 000000          ??_inicioPuertos 0001  
                __Hparam 0000                  __Lparam 0000          __CFG_STVREN$OFF 000000  
                __pcinit 7FAE                  __ramtop 0800                  __ptext0 7FB4  
                __ptext1 7FA8     end_of_initialization 7FAE      start_initialization 7FAE  
       __CFG_LPT1OSC$OFF 000000    __end_of_inicioPuertos 7FAE         __CFG_WDTPS$32768 000000  
             _ADCON0bits 000FC2               _ADCON1bits 000FC1               _ADCON2bits 000FC0  
               __Hrparam 0000                 __Lrparam 0000            __size_of_main 004C  
  __CFG_CPUDIV$OSC1_PLL2 000000  
